<?xml version="1.0" encoding="UTF-8"?>
<!-- Generated by org.testng.reporters.JUnitXMLReporter -->
<testsuite hostname="KAVI" ignored="0" name="Test" tests="12" failures="0" timestamp="03 May 2023 01:15:21 GMT" time="22.841" errors="0">
  <testcase name="launchURL" time="1.157" classname="org.run.Login"/>
  <testcase name="login_with_valid_date" time="5.901" classname="org.run.Login"/>
  <testcase name="login_with_valid_date1" time="0.51" classname="org.run.Login"/>
  <testcase name="login_with_valid_date2" time="0.425" classname="org.run.Login"/>
  <testcase name="login_with_valid_date3" time="0.433" classname="org.run.Login"/>
  <testcase name="Login" time="0.304" classname="org.run.Inventry_List_Page"/>
  <testcase name="addToCart" time="1.095" classname="org.run.Inventry_List_Page"/>
  <testcase name="visibility_Check" time="9.285" classname="org.run.Inventry_List_Page"/>
  <testcase name="Login" time="0.313" classname="org.run.Cart_CheckOut"/>
  <testcase name="cart" time="0.35" classname="org.run.Cart_CheckOut"/>
  <testcase name="remove_Product" time="0.09" classname="org.run.Inventry_List_Page"/>
  <testcase name="Card_count" time="0.021" classname="org.run.Inventry_List_Page"/>
</testsuite> <!-- Test -->
